[debug] [2020-07-19T18:26:34.626Z] ----------------------------------------------------------------------
[debug] [2020-07-19T18:26:34.628Z] Command:       /usr/local/bin/node /usr/local/bin/firebase deploy
[debug] [2020-07-19T18:26:34.628Z] CLI Version:   6.1.2
[debug] [2020-07-19T18:26:34.628Z] Platform:      darwin
[debug] [2020-07-19T18:26:34.628Z] Node Version:  v10.14.0
[debug] [2020-07-19T18:26:34.629Z] Time:          Mon Jul 20 2020 00:56:34 GMT+0630 (Myanmar Time)
[debug] [2020-07-19T18:26:34.629Z] ----------------------------------------------------------------------
[debug] 
[debug] [2020-07-19T18:26:34.642Z] > command requires scopes: ["email","openid","https://www.googleapis.com/auth/cloudplatformprojects.readonly","https://www.googleapis.com/auth/firebase","https://www.googleapis.com/auth/cloud-platform"]
[debug] [2020-07-19T18:26:34.642Z] > authorizing via signed-in user
[debug] [2020-07-19T18:26:34.642Z] [iam] checking project menu-app-9b131 for permissions ["firebase.projects.get","firebasehosting.sites.update"]
[debug] [2020-07-19T18:26:34.644Z] >>> HTTP REQUEST POST https://cloudresourcemanager.googleapis.com/v1/projects/menu-app-9b131:testIamPermissions  

[debug] [2020-07-19T18:26:35.910Z] <<< HTTP RESPONSE 200
[debug] [2020-07-19T18:26:35.912Z] >>> HTTP REQUEST GET https://firebase.googleapis.com/v1beta1/projects/menu-app-9b131  
 
[debug] [2020-07-19T18:26:36.401Z] <<< HTTP RESPONSE 200
[info] 
[info] === Deploying to 'menu-app-9b131'...
[info] 
[info] i  deploying hosting
[debug] [2020-07-19T18:26:36.405Z] >>> HTTP REQUEST POST https://firebasehosting.googleapis.com/v1beta1/sites/menu-app-9b131/versions  

[debug] [2020-07-19T18:26:38.193Z] <<< HTTP RESPONSE 200
[info] i  hosting[menu-app-9b131]: beginning deploy...
[info] i  hosting[menu-app-9b131]: found 23 files in dist/menuapp
[debug] [2020-07-19T18:26:38.212Z] [hosting] hash cache [ZGlzdC9tZW51YXBw] load error: lines is not defined
[debug] [2020-07-19T18:26:39.027Z] [hosting] hash cache [ZGlzdC9tZW51YXBw] stored for 23 files
[debug] [2020-07-19T18:26:39.027Z] [hosting][hash queue][FINAL]
[debug] [2020-07-19T18:26:39.027Z] >>> HTTP REQUEST POST https://firebasehosting.googleapis.com/v1beta1/sites/menu-app-9b131/versions/464022fa05a91471:populateFiles  
 <request body omitted>
[debug] [2020-07-19T18:26:40.958Z] <<< HTTP RESPONSE 200
[debug] [2020-07-19T18:26:40.964Z] [hosting][populate queue][FINAL]
[debug] [2020-07-19T18:26:40.964Z] [hosting] uploads queued: 8
